{"message":"Connected","level":"info","service":"user-service"}
{"message":"Connected","level":"info","service":"user-service"}
{"message":"Logged in as: ","level":"info","service":"user-service"}
{"message":"undefined - (undefined)","level":"info","service":"user-service"}
{"message":"Connected","level":"info","service":"user-service"}
{"message":"Logged in as: ","level":"info","service":"user-service"}
{"message":"undefined - (undefined)","level":"info","service":"user-service"}
{"message":"Connected","level":"info","service":"user-service"}
{"message":"Logged in as: ${client.user.tag}","level":"info","service":"user-service"}
{"message":"Connected","level":"info","service":"user-service"}
{"message":"Logged in as: s2-bot#4144","level":"info","service":"user-service"}
{"message":"Connected","level":"info","service":"s2-bot-service"}
{"message":"Logged in as: s2-bot#4144","level":"info","service":"s2-bot-service"}
{"message":"Connected","level":"info","service":"s2-bot-service"}
{"message":"Logged in as: s2-bot#4144","level":"info","service":"s2-bot-service"}
{"message":"Connected","level":"info","service":"s2-bot-service"}
{"message":"Logged in as: s2-bot#4144","level":"info","service":"s2-bot-service"}
{"message":"Connected","level":"info","service":"s2-bot-service"}
{"message":"Logged in as: s2-bot#4144","level":"info","service":"s2-bot-service"}
{"message":"Connected","level":"info","service":"s2-bot-service"}
{"message":"Logged in as: s2-bot#4144","level":"info","service":"s2-bot-service"}
{"message":"Connected","level":"info","service":"s2-bot-service"}
{"message":"Logged in as: s2-bot#4144","level":"info","service":"s2-bot-service"}
{"message":"Connected","level":"info","service":"s2-bot-service"}
{"message":"Logged in as: s2-bot#4144","level":"info","service":"s2-bot-service"}
{"message":"Connected","level":"info","service":"s2-bot-service"}
{"message":"Logged in as: s2-bot#4144","level":"info","service":"s2-bot-service"}
{"message":"Connected","level":"info","service":"s2-bot-service"}
{"message":"Logged in as: s2-bot#4144","level":"info","service":"s2-bot-service"}
{"message":"Connected","level":"info","service":"s2-bot-service"}
{"message":"Logged in as: s2-bot#4144","level":"info","service":"s2-bot-service"}
{"message":"Connected","level":"info","service":"s2-bot-service"}
{"message":"Logged in as: s2-bot#4144","level":"info","service":"s2-bot-service"}
{"message":"Connected","level":"info","service":"s2-bot-service"}
{"message":"Logged in as: s2-bot#4144","level":"info","service":"s2-bot-service"}
{"message":"Connected","level":"info","service":"s2-bot-service"}
{"message":"Logged in as: s2-bot#4144","level":"info","service":"s2-bot-service"}
{"message":"Connected","level":"info","service":"s2-bot-service"}
{"message":"Logged in as: s2-bot#4144","level":"info","service":"s2-bot-service"}
{"message":"Connected","level":"info","service":"s2-bot-service"}
{"message":"Logged in as: s2-bot#4144","level":"info","service":"s2-bot-service"}
{"message":"Connected","level":"info","service":"s2-bot-service"}
{"message":"Logged in as: s2-bot#4144","level":"info","service":"s2-bot-service"}
{"message":"Connected","level":"info","service":"s2-bot-service"}
{"message":"Logged in as: s2-bot#4144","level":"info","service":"s2-bot-service"}
{"message":"Connected","level":"info","service":"s2-bot-service"}
{"message":"Logged in as: s2-bot#4144","level":"info","service":"s2-bot-service"}
{"message":"Connected","level":"info","service":"s2-bot-service"}
{"message":"Logged in as: s2-bot#4144","level":"info","service":"s2-bot-service"}
{"message":"Connected","level":"info","service":"s2-bot-service"}
{"message":"Logged in as: s2-bot#4144","level":"info","service":"s2-bot-service"}
{"message":"Connected","level":"info","service":"s2-bot-service"}
{"message":"Logged in as: s2-bot#4144","level":"info","service":"s2-bot-service"}
{"message":"Connected","level":"info","service":"s2-bot-service"}
{"message":"Logged in as: s2-bot#4144","level":"info","service":"s2-bot-service"}
{"message":"Connected","level":"info","service":"s2-bot-service"}
{"message":"Logged in as: s2-bot#4144","level":"info","service":"s2-bot-service"}
{"message":"Connected","level":"info","service":"s2-bot-service"}
{"message":"Logged in as: s2-bot#4144","level":"info","service":"s2-bot-service"}
{"message":"Connected","level":"info","service":"s2-bot-service"}
{"message":"Logged in as: s2-bot#4144","level":"info","service":"s2-bot-service"}
{"message":"Connected","level":"info","service":"s2-bot-service"}
{"message":"Logged in as: s2-bot#4144","level":"info","service":"s2-bot-service"}
{"message":"Connected","level":"info","service":"s2-bot-service"}
{"message":"Logged in as: s2-bot#4144","level":"info","service":"s2-bot-service"}
{"message":"Connected","level":"info","service":"s2-bot-service"}
{"message":"Logged in as: s2-bot#4144","level":"info","service":"s2-bot-service"}
{"message":"Connected","level":"info","service":"s2-bot-service"}
{"message":"Logged in as: s2-bot#4144","level":"info","service":"s2-bot-service"}
{"message":"Connected","level":"info","service":"s2-bot-service"}
{"message":"Logged in as: s2-bot#4144","level":"info","service":"s2-bot-service"}
{"message":"Connected","level":"info","service":"s2-bot-service"}
{"message":"Logged in as: s2-bot#4144","level":"info","service":"s2-bot-service"}
{"message":"Connected","level":"info","service":"s2-bot-service"}
{"message":"Logged in as: s2-bot#4144","level":"info","service":"s2-bot-service"}
{"message":"Connected","level":"info","service":"s2-bot-service"}
{"message":"Logged in as: s2-bot#4144","level":"info","service":"s2-bot-service"}
{"message":"Connected","level":"info","service":"s2-bot-service"}
{"message":"Logged in as: s2-bot#4144","level":"info","service":"s2-bot-service"}
{"message":"Connected","level":"info","service":"s2-bot-service"}
{"message":"Logged in as: s2-bot#4144","level":"info","service":"s2-bot-service"}
{"message":"Connected","level":"info","service":"s2-bot-service"}
{"message":"Logged in as: s2-bot#4144","level":"info","service":"s2-bot-service"}
{"message":"Connected","level":"info","service":"s2-bot-service"}
{"message":"Logged in as: s2-bot#4144","level":"info","service":"s2-bot-service"}
{"message":"Connected","level":"info","service":"s2-bot-service"}
{"message":"Logged in as: s2-bot#4144","level":"info","service":"s2-bot-service"}
{"message":"Connected","level":"info","service":"s2-bot-service"}
{"message":"Logged in as: s2-bot#4144","level":"info","service":"s2-bot-service"}
{"message":"Connected","level":"info","service":"s2-bot-service"}
{"message":"Logged in as: s2-bot#4144","level":"info","service":"s2-bot-service"}
{"message":"Connected","level":"info","service":"s2-bot-service"}
{"message":"Logged in as: s2-bot#4144","level":"info","service":"s2-bot-service"}
{"message":"Connected","level":"info","service":"s2-bot-service"}
{"message":"Logged in as: s2-bot#4144","level":"info","service":"s2-bot-service"}
{"message":"Connected","level":"info","service":"s2-bot-service"}
{"message":"Logged in as: s2-bot#4144","level":"info","service":"s2-bot-service"}
{"message":"Connected","level":"info","service":"s2-bot-service"}
{"message":"Logged in as: s2-bot#4144","level":"info","service":"s2-bot-service"}
{"message":"Connected","level":"info","service":"s2-bot-service"}
{"message":"Logged in as: s2-bot#4144","level":"info","service":"s2-bot-service"}
{"message":"Connected","level":"info","service":"s2-bot-service"}
{"message":"Logged in as: s2-bot#4144","level":"info","service":"s2-bot-service"}
{"message":"Connected","level":"info","service":"s2-bot-service"}
{"message":"Logged in as: s2-bot#4144","level":"info","service":"s2-bot-service"}
{"message":"Connected","level":"info","service":"s2-bot-service"}
{"message":"Logged in as: s2-bot#4144","level":"info","service":"s2-bot-service"}
{"message":"Connected","level":"info","service":"s2-bot-service"}
{"message":"Logged in as: s2-bot#4144","level":"info","service":"s2-bot-service"}
{"message":"Connected","level":"info","service":"s2-bot-service"}
{"message":"Logged in as: s2-bot#4144","level":"info","service":"s2-bot-service"}
{"message":"Connected","level":"info","service":"s2-bot-service"}
{"message":"Logged in as: s2-bot#4144","level":"info","service":"s2-bot-service"}
{"message":"Connected","level":"info","service":"s2-bot-service"}
{"message":"Logged in as: s2-bot#4144","level":"info","service":"s2-bot-service"}
{"message":"Connected","level":"info","service":"s2-bot-service"}
{"message":"Logged in as: s2-bot#4144","level":"info","service":"s2-bot-service"}
{"message":"Connected","level":"info","service":"s2-bot-service"}
{"message":"Logged in as: s2-bot#4144","level":"info","service":"s2-bot-service"}
{"message":"Connected","level":"info","service":"s2-bot-service"}
{"message":"Logged in as: s2-bot#4144","level":"info","service":"s2-bot-service"}
{"message":"Connected","level":"info","service":"s2-bot-service"}
{"message":"Logged in as: s2-bot#4144","level":"info","service":"s2-bot-service"}
{"message":"Connected","level":"info","service":"s2-bot-service"}
{"message":"Logged in as: s2-bot#4144","level":"info","service":"s2-bot-service"}
{"message":"Connected","level":"info","service":"s2-bot-service"}
{"message":"Logged in as: s2-bot#4144","level":"info","service":"s2-bot-service"}
{"message":"Connected","level":"info","service":"s2-bot-service"}
{"message":"Logged in as: s2-bot#4144","level":"info","service":"s2-bot-service"}
{"message":"Connected","level":"info","service":"s2-bot-service"}
{"message":"Logged in as: s2-bot#4144","level":"info","service":"s2-bot-service"}
{"message":"Connected","level":"info","service":"s2-bot-service"}
{"message":"Logged in as: s2-bot#4144","level":"info","service":"s2-bot-service"}
{"message":"Connected","level":"info","service":"s2-bot-service"}
{"message":"Logged in as: s2-bot#4144","level":"info","service":"s2-bot-service"}
{"message":"Connected","level":"info","service":"s2-bot-service"}
{"message":"Logged in as: s2-bot#4144","level":"info","service":"s2-bot-service"}
{"message":"Connected","level":"info","service":"s2-bot-service"}
{"message":"Logged in as: s2-bot#4144","level":"info","service":"s2-bot-service"}
{"message":"Connected","level":"info","service":"s2-bot-service"}
{"message":"Logged in as: s2-bot#4144","level":"info","service":"s2-bot-service"}
{"message":"Connected","level":"info","service":"s2-bot-service"}
{"message":"Logged in as: s2-bot#4144","level":"info","service":"s2-bot-service"}
{"message":"Connected","level":"info","service":"s2-bot-service"}
{"message":"Logged in as: s2-bot#4144","level":"info","service":"s2-bot-service"}
{"message":"Connected","level":"info","service":"s2-bot-service"}
{"message":"Logged in as: s2-bot#4144","level":"info","service":"s2-bot-service"}
{"message":"Connected","level":"info","service":"s2-bot-service"}
{"message":"Logged in as: s2-bot#4144","level":"info","service":"s2-bot-service"}
{"message":"Connected","level":"info","service":"s2-bot-service"}
{"message":"Logged in as: s2-bot#4144","level":"info","service":"s2-bot-service"}
{"message":"Connected","level":"info","service":"s2-bot-service"}
{"message":"Logged in as: s2-bot#4144","level":"info","service":"s2-bot-service"}
{"message":"Connected","level":"info","service":"s2-bot-service"}
{"message":"Logged in as: s2-bot#4144","level":"info","service":"s2-bot-service"}
{"message":"Connected","level":"info","service":"s2-bot-service"}
{"message":"Logged in as: s2-bot#4144","level":"info","service":"s2-bot-service"}
{"message":"Connected","level":"info","service":"s2-bot-service"}
{"message":"Logged in as: s2-bot#4144","level":"info","service":"s2-bot-service"}
{"message":"Connected","level":"info","service":"s2-bot-service"}
{"message":"Logged in as: s2-bot#4144","level":"info","service":"s2-bot-service"}
{"message":"Connected","level":"info","service":"s2-bot-service"}
{"message":"Logged in as: s2-bot#4144","level":"info","service":"s2-bot-service"}
{"message":"Connected","level":"info","service":"s2-bot-service"}
{"message":"Logged in as: s2-bot#4144","level":"info","service":"s2-bot-service"}
{"message":"Connected","level":"info","service":"s2-bot-service"}
{"message":"Logged in as: s2-bot#4144","level":"info","service":"s2-bot-service"}
{"message":"Connected","level":"info","service":"s2-bot-service"}
{"message":"Logged in as: s2-bot#4144","level":"info","service":"s2-bot-service"}
{"message":"Connected","level":"info","service":"s2-bot-service"}
{"message":"Logged in as: s2-bot#4144","level":"info","service":"s2-bot-service"}
{"message":"Connected","level":"info","service":"s2-bot-service"}
{"message":"Logged in as: s2-bot#4144","level":"info","service":"s2-bot-service"}
{"message":"Connected","level":"info","service":"s2-bot-service"}
{"message":"Logged in as: s2-bot#4144","level":"info","service":"s2-bot-service"}
{"message":"Connected","level":"info","service":"s2-bot-service"}
{"message":"Logged in as: s2-bot#4144","level":"info","service":"s2-bot-service"}
{"message":"Connected","level":"info","service":"s2-bot-service"}
{"message":"Logged in as: s2-bot#4144","level":"info","service":"s2-bot-service"}
{"message":"Connected","level":"info","service":"s2-bot-service"}
{"message":"Logged in as: s2-bot#4144","level":"info","service":"s2-bot-service"}
{"message":"Connected","level":"info","service":"s2-bot-service"}
{"message":"Logged in as: s2-bot#4144","level":"info","service":"s2-bot-service"}
{"message":"Connected","level":"info","service":"s2-bot-service"}
{"message":"Logged in as: s2-bot#4144","level":"info","service":"s2-bot-service"}
{"message":"Connected","level":"info","service":"s2-bot-service"}
{"message":"Logged in as: s2-bot#4144","level":"info","service":"s2-bot-service"}
{"message":"Connected","level":"info","service":"s2-bot-service"}
{"message":"Logged in as: s2-bot#4144","level":"info","service":"s2-bot-service"}
{"message":"Connected","level":"info","service":"s2-bot-service"}
{"message":"Logged in as: s2-bot#4144","level":"info","service":"s2-bot-service"}
{"message":"Connected","level":"info","service":"s2-bot-service"}
{"message":"Logged in as: s2-bot#4144","level":"info","service":"s2-bot-service"}
{"message":"Connected","level":"info","service":"s2-bot-service"}
{"message":"Logged in as: s2-bot#4144","level":"info","service":"s2-bot-service"}
{"message":"Connected","level":"info","service":"s2-bot-service"}
{"message":"Logged in as: s2-bot#4144","level":"info","service":"s2-bot-service"}
{"message":"Connected","level":"info","service":"s2-bot-service"}
{"message":"Logged in as: s2-bot#4144","level":"info","service":"s2-bot-service"}
